Determining if the pthread_create exist failed with the following output:
Change Dir: /home/cat/robotnik_arm/build/CMakeFiles/CMakeTmp

Run Build Command:/usr/bin/make "cmTryCompileExec4065624402/fast"
/usr/bin/make -f CMakeFiles/cmTryCompileExec4065624402.dir/build.make CMakeFiles/cmTryCompileExec4065624402.dir/build
make[1]: Entering directory `/home/cat/robotnik_arm/build/CMakeFiles/CMakeTmp'
/usr/bin/cmake -E cmake_progress_report /home/cat/robotnik_arm/build/CMakeFiles/CMakeTmp/CMakeFiles 1
Building C object CMakeFiles/cmTryCompileExec4065624402.dir/CheckSymbolExists.c.o
/usr/bin/cc    -o CMakeFiles/cmTryCompileExec4065624402.dir/CheckSymbolExists.c.o   -c /home/cat/robotnik_arm/build/CMakeFiles/CMakeTmp/CheckSymbolExists.c
Linking C executable cmTryCompileExec4065624402
/usr/bin/cmake -E cmake_link_script CMakeFiles/cmTryCompileExec4065624402.dir/link.txt --verbose=1
/usr/bin/cc       CMakeFiles/cmTryCompileExec4065624402.dir/CheckSymbolExists.c.o  -o cmTryCompileExec4065624402 -rdynamic 
CMakeFiles/cmTryCompileExec4065624402.dir/CheckSymbolExists.c.o: In function `main':
CheckSymbolExists.c:(.text+0x16): undefined reference to `pthread_create'
collect2: error: ld returned 1 exit status
make[1]: *** [cmTryCompileExec4065624402] Error 1
make[1]: Leaving directory `/home/cat/robotnik_arm/build/CMakeFiles/CMakeTmp'
make: *** [cmTryCompileExec4065624402/fast] Error 2

File /home/cat/robotnik_arm/build/CMakeFiles/CMakeTmp/CheckSymbolExists.c:
/* */
#include <pthread.h>

int main(int argc, char** argv)
{
  (void)argv;
#ifndef pthread_create
  return ((int*)(&pthread_create))[argc];
#else
  (void)argc;
  return 0;
#endif
}

Determining if the function pthread_create exists in the pthreads failed with the following output:
Change Dir: /home/cat/robotnik_arm/build/CMakeFiles/CMakeTmp

Run Build Command:/usr/bin/make "cmTryCompileExec4244957943/fast"
/usr/bin/make -f CMakeFiles/cmTryCompileExec4244957943.dir/build.make CMakeFiles/cmTryCompileExec4244957943.dir/build
make[1]: Entering directory `/home/cat/robotnik_arm/build/CMakeFiles/CMakeTmp'
/usr/bin/cmake -E cmake_progress_report /home/cat/robotnik_arm/build/CMakeFiles/CMakeTmp/CMakeFiles 1
Building C object CMakeFiles/cmTryCompileExec4244957943.dir/CheckFunctionExists.c.o
/usr/bin/cc   -DCHECK_FUNCTION_EXISTS=pthread_create   -o CMakeFiles/cmTryCompileExec4244957943.dir/CheckFunctionExists.c.o   -c /usr/share/cmake-2.8/Modules/CheckFunctionExists.c
Linking C executable cmTryCompileExec4244957943
/usr/bin/cmake -E cmake_link_script CMakeFiles/cmTryCompileExec4244957943.dir/link.txt --verbose=1
/usr/bin/cc   -DCHECK_FUNCTION_EXISTS=pthread_create    CMakeFiles/cmTryCompileExec4244957943.dir/CheckFunctionExists.c.o  -o cmTryCompileExec4244957943 -rdynamic -lpthreads 
/usr/bin/ld: cannot find -lpthreads
collect2: error: ld returned 1 exit status
make[1]: *** [cmTryCompileExec4244957943] Error 1
make[1]: Leaving directory `/home/cat/robotnik_arm/build/CMakeFiles/CMakeTmp'
make: *** [cmTryCompileExec4244957943/fast] Error 2


Determining if the pthread_create exist failed with the following output:
Change Dir: /home/cat/robotnik_arm/build/CMakeFiles/CMakeTmp

Run Build Command:/usr/bin/make "cmTryCompileExec1174440142/fast"
/usr/bin/make -f CMakeFiles/cmTryCompileExec1174440142.dir/build.make CMakeFiles/cmTryCompileExec1174440142.dir/build
make[1]: Entering directory `/home/cat/robotnik_arm/build/CMakeFiles/CMakeTmp'
/usr/bin/cmake -E cmake_progress_report /home/cat/robotnik_arm/build/CMakeFiles/CMakeTmp/CMakeFiles 1
Building C object CMakeFiles/cmTryCompileExec1174440142.dir/CheckSymbolExists.c.o
/usr/bin/cc    -o CMakeFiles/cmTryCompileExec1174440142.dir/CheckSymbolExists.c.o   -c /home/cat/robotnik_arm/build/CMakeFiles/CMakeTmp/CheckSymbolExists.c
Linking C executable cmTryCompileExec1174440142
/usr/bin/cmake -E cmake_link_script CMakeFiles/cmTryCompileExec1174440142.dir/link.txt --verbose=1
/usr/bin/cc       CMakeFiles/cmTryCompileExec1174440142.dir/CheckSymbolExists.c.o  -o cmTryCompileExec1174440142 -rdynamic 
CMakeFiles/cmTryCompileExec1174440142.dir/CheckSymbolExists.c.o: In function `main':
CheckSymbolExists.c:(.text+0x16): undefined reference to `pthread_create'
collect2: error: ld returned 1 exit status
make[1]: *** [cmTryCompileExec1174440142] Error 1
make[1]: Leaving directory `/home/cat/robotnik_arm/build/CMakeFiles/CMakeTmp'
make: *** [cmTryCompileExec1174440142/fast] Error 2

File /home/cat/robotnik_arm/build/CMakeFiles/CMakeTmp/CheckSymbolExists.c:
/* */
#include <pthread.h>

int main(int argc, char** argv)
{
  (void)argv;
#ifndef pthread_create
  return ((int*)(&pthread_create))[argc];
#else
  (void)argc;
  return 0;
#endif
}

Determining if the function pthread_create exists in the pthreads failed with the following output:
Change Dir: /home/cat/robotnik_arm/build/CMakeFiles/CMakeTmp

Run Build Command:/usr/bin/make "cmTryCompileExec157169857/fast"
/usr/bin/make -f CMakeFiles/cmTryCompileExec157169857.dir/build.make CMakeFiles/cmTryCompileExec157169857.dir/build
make[1]: Entering directory `/home/cat/robotnik_arm/build/CMakeFiles/CMakeTmp'
/usr/bin/cmake -E cmake_progress_report /home/cat/robotnik_arm/build/CMakeFiles/CMakeTmp/CMakeFiles 1
Building C object CMakeFiles/cmTryCompileExec157169857.dir/CheckFunctionExists.c.o
/usr/bin/cc   -DCHECK_FUNCTION_EXISTS=pthread_create   -o CMakeFiles/cmTryCompileExec157169857.dir/CheckFunctionExists.c.o   -c /usr/share/cmake-2.8/Modules/CheckFunctionExists.c
Linking C executable cmTryCompileExec157169857
/usr/bin/cmake -E cmake_link_script CMakeFiles/cmTryCompileExec157169857.dir/link.txt --verbose=1
/usr/bin/cc   -DCHECK_FUNCTION_EXISTS=pthread_create    CMakeFiles/cmTryCompileExec157169857.dir/CheckFunctionExists.c.o  -o cmTryCompileExec157169857 -rdynamic -lpthreads 
/usr/bin/ld: cannot find -lpthreads
collect2: error: ld returned 1 exit status
make[1]: *** [cmTryCompileExec157169857] Error 1
make[1]: Leaving directory `/home/cat/robotnik_arm/build/CMakeFiles/CMakeTmp'
make: *** [cmTryCompileExec157169857/fast] Error 2


Determining if the Q_WS_WIN exist failed with the following output:
Change Dir: /home/cat/robotnik_arm/build/CMakeFiles/CMakeTmp

Run Build Command:/usr/bin/make "cmTryCompileExec1763382752/fast"
/usr/bin/make -f CMakeFiles/cmTryCompileExec1763382752.dir/build.make CMakeFiles/cmTryCompileExec1763382752.dir/build
make[1]: Entering directory `/home/cat/robotnik_arm/build/CMakeFiles/CMakeTmp'
/usr/bin/cmake -E cmake_progress_report /home/cat/robotnik_arm/build/CMakeFiles/CMakeTmp/CMakeFiles 1
Building CXX object CMakeFiles/cmTryCompileExec1763382752.dir/CheckSymbolExists.cxx.o
/usr/bin/c++    -I/usr/include/qt4    -o CMakeFiles/cmTryCompileExec1763382752.dir/CheckSymbolExists.cxx.o -c /home/cat/robotnik_arm/build/CMakeFiles/CMakeTmp/CheckSymbolExists.cxx
/home/cat/robotnik_arm/build/CMakeFiles/CMakeTmp/CheckSymbolExists.cxx: In function ‘int main(int, char**)’:
/home/cat/robotnik_arm/build/CMakeFiles/CMakeTmp/CheckSymbolExists.cxx:8:19: error: ‘Q_WS_WIN’ was not declared in this scope
   return ((int*)(&Q_WS_WIN))[argc];
                   ^
make[1]: *** [CMakeFiles/cmTryCompileExec1763382752.dir/CheckSymbolExists.cxx.o] Error 1
make[1]: Leaving directory `/home/cat/robotnik_arm/build/CMakeFiles/CMakeTmp'
make: *** [cmTryCompileExec1763382752/fast] Error 2

File /home/cat/robotnik_arm/build/CMakeFiles/CMakeTmp/CheckSymbolExists.cxx:
/* */
#include <QtCore/qglobal.h>

int main(int argc, char** argv)
{
  (void)argv;
#ifndef Q_WS_WIN
  return ((int*)(&Q_WS_WIN))[argc];
#else
  (void)argc;
  return 0;
#endif
}

Determining if the Q_WS_QWS exist failed with the following output:
Change Dir: /home/cat/robotnik_arm/build/CMakeFiles/CMakeTmp

Run Build Command:/usr/bin/make "cmTryCompileExec210185745/fast"
/usr/bin/make -f CMakeFiles/cmTryCompileExec210185745.dir/build.make CMakeFiles/cmTryCompileExec210185745.dir/build
make[1]: Entering directory `/home/cat/robotnik_arm/build/CMakeFiles/CMakeTmp'
/usr/bin/cmake -E cmake_progress_report /home/cat/robotnik_arm/build/CMakeFiles/CMakeTmp/CMakeFiles 1
Building CXX object CMakeFiles/cmTryCompileExec210185745.dir/CheckSymbolExists.cxx.o
/usr/bin/c++    -I/usr/include/qt4    -o CMakeFiles/cmTryCompileExec210185745.dir/CheckSymbolExists.cxx.o -c /home/cat/robotnik_arm/build/CMakeFiles/CMakeTmp/CheckSymbolExists.cxx
/home/cat/robotnik_arm/build/CMakeFiles/CMakeTmp/CheckSymbolExists.cxx: In function ‘int main(int, char**)’:
/home/cat/robotnik_arm/build/CMakeFiles/CMakeTmp/CheckSymbolExists.cxx:8:19: error: ‘Q_WS_QWS’ was not declared in this scope
   return ((int*)(&Q_WS_QWS))[argc];
                   ^
make[1]: *** [CMakeFiles/cmTryCompileExec210185745.dir/CheckSymbolExists.cxx.o] Error 1
make[1]: Leaving directory `/home/cat/robotnik_arm/build/CMakeFiles/CMakeTmp'
make: *** [cmTryCompileExec210185745/fast] Error 2

File /home/cat/robotnik_arm/build/CMakeFiles/CMakeTmp/CheckSymbolExists.cxx:
/* */
#include <QtCore/qglobal.h>

int main(int argc, char** argv)
{
  (void)argv;
#ifndef Q_WS_QWS
  return ((int*)(&Q_WS_QWS))[argc];
#else
  (void)argc;
  return 0;
#endif
}

Determining if the Q_WS_MAC exist failed with the following output:
Change Dir: /home/cat/robotnik_arm/build/CMakeFiles/CMakeTmp

Run Build Command:/usr/bin/make "cmTryCompileExec560579050/fast"
/usr/bin/make -f CMakeFiles/cmTryCompileExec560579050.dir/build.make CMakeFiles/cmTryCompileExec560579050.dir/build
make[1]: Entering directory `/home/cat/robotnik_arm/build/CMakeFiles/CMakeTmp'
/usr/bin/cmake -E cmake_progress_report /home/cat/robotnik_arm/build/CMakeFiles/CMakeTmp/CMakeFiles 1
Building CXX object CMakeFiles/cmTryCompileExec560579050.dir/CheckSymbolExists.cxx.o
/usr/bin/c++    -I/usr/include/qt4    -o CMakeFiles/cmTryCompileExec560579050.dir/CheckSymbolExists.cxx.o -c /home/cat/robotnik_arm/build/CMakeFiles/CMakeTmp/CheckSymbolExists.cxx
/home/cat/robotnik_arm/build/CMakeFiles/CMakeTmp/CheckSymbolExists.cxx: In function ‘int main(int, char**)’:
/home/cat/robotnik_arm/build/CMakeFiles/CMakeTmp/CheckSymbolExists.cxx:8:19: error: ‘Q_WS_MAC’ was not declared in this scope
   return ((int*)(&Q_WS_MAC))[argc];
                   ^
make[1]: *** [CMakeFiles/cmTryCompileExec560579050.dir/CheckSymbolExists.cxx.o] Error 1
make[1]: Leaving directory `/home/cat/robotnik_arm/build/CMakeFiles/CMakeTmp'
make: *** [cmTryCompileExec560579050/fast] Error 2

File /home/cat/robotnik_arm/build/CMakeFiles/CMakeTmp/CheckSymbolExists.cxx:
/* */
#include <QtCore/qglobal.h>

int main(int argc, char** argv)
{
  (void)argv;
#ifndef Q_WS_MAC
  return ((int*)(&Q_WS_MAC))[argc];
#else
  (void)argc;
  return 0;
#endif
}

